<?xml version="1.0" encoding="UTF-8"?>
<!-- Generated by org.testng.reporters.JUnitReportReporter -->
<testsuite hostname="TYSS-Neha-C-Zutti" failures="0" tests="1" name="com.comcast.crm.orgtest.CreateOrganization" time="21.837" errors="0" timestamp="2024-05-16T13:05:54 IST" skipped="0">
  <testcase classname="com.comcast.crm.orgtest.CreateOrganization" name="CreateOrgWithPhoneNumber" time="21.837"/>
  <system-out/>
</testsuite> <!-- com.comcast.crm.orgtest.CreateOrganization -->
