<?xml version="1.0" encoding="UTF-8"?>
<!-- Generated by org.testng.reporters.JUnitReportReporter -->
<testsuite hostname="TYSS-Neha-C-Zutti" failures="0" tests="1" name="com.comcast.crm.contacttest.CreateContactTest" time="28.108" errors="0" timestamp="2024-05-16T15:19:25 IST" skipped="0">
  <testcase classname="com.comcast.crm.contacttest.CreateContactTest" name="ccwsupportdate" time="28.108"/>
  <system-out/>
</testsuite> <!-- com.comcast.crm.contacttest.CreateContactTest -->
